<?xml version="1.0" encoding="UTF-8"?>
<!-- Generated by org.testng.reporters.JUnitReportReporter -->
<testsuite hostname="LAPTOP-L31P1TRG" failures="0" tests="1" name="scripts.TestCase2" time="33.607" errors="0" timestamp="2022-12-30T09:59:29 IST" skipped="0">
  <testcase classname="scripts.TestCase2" name="tc1" time="33.607"/>
  <system-out/>
</testsuite> <!-- scripts.TestCase2 -->
